<?xml version="1.0" encoding="UTF-8"?>
<!-- Generated by org.testng.reporters.JUnitXMLReporter -->
<testsuite ignored="2" hostname="DESKTOP-JGO97D8" failures="0" tests="1" name="Surefire test" time="5.912" errors="0" timestamp="2023-03-10T15:34:22 IST">
  <testcase classname="Airlines.CreateAirlineTests" name="createAirlinewithPojo" time="5.785"/>
  <testcase classname="Airlines.CreateAirlineTests" name="createAirline" time="0.0">
    <ignored/>
  </testcase> <!-- createAirline -->
  <testcase classname="Airlines.CreateAirlineTests" name="createAirlinewithRandomdata" time="0.0">
    <ignored/>
  </testcase> <!-- createAirlinewithRandomdata -->
</testsuite> <!-- Surefire test -->
