<?xml version="1.0" encoding="UTF-8"?>
<testng-results ignored="2" total="3" passed="1" failed="0" skipped="0">
  <reporter-output>
  </reporter-output>
  <suite started-at="2023-03-10T15:34:16 IST" name="Surefire suite" finished-at="2023-03-10T15:34:22 IST" duration-ms="5912">
    <groups>
    </groups>
    <test started-at="2023-03-10T15:34:16 IST" name="Surefire test" finished-at="2023-03-10T15:34:22 IST" duration-ms="5912">
      <class name="Airlines.CreateAirlineTests">
        <test-method signature="createAirlinewithPojo()[pri:0, instance:Airlines.CreateAirlineTests@561b6512]" started-at="2023-03-10T15:34:17 IST" name="createAirlinewithPojo" finished-at="2023-03-10T15:34:22 IST" duration-ms="5785" status="PASS">
          <reporter-output>
          </reporter-output>
        </test-method> <!-- createAirlinewithPojo -->
      </class> <!-- Airlines.CreateAirlineTests -->
    </test> <!-- Surefire test -->
  </suite> <!-- Surefire suite -->
</testng-results>
